\BOOKMARK [1][-]{section.1}{Introduction}{}% 1
\BOOKMARK [2][-]{subsubsection.1.0.1}{Strengths:}{section.1}% 2
\BOOKMARK [3][-]{subsubsection.1.0.2}{Weaknesses:}{subsubsection.1.0.1}% 3
\BOOKMARK [2][-]{subsection.1.1}{General Things to Note:}{section.1}% 4
\BOOKMARK [2][-]{subsection.1.2}{The Golden Rule!}{section.1}% 5
\BOOKMARK [1][-]{section.2}{Syntax and Language}{}% 6
\BOOKMARK [2][-]{subsection.2.1}{General Syntax}{section.2}% 7
\BOOKMARK [2][-]{subsection.2.2}{Boolean Logic and Comparison Operators}{section.2}% 8
\BOOKMARK [2][-]{subsection.2.3}{Arithmatic}{section.2}% 9
\BOOKMARK [3][-]{subsubsection.2.3.1}{Integer Arithmatic}{subsection.2.3}% 10
\BOOKMARK [3][-]{subsubsection.2.3.2}{Floating Point Arithmatic}{subsection.2.3}% 11
\BOOKMARK [3][-]{subsubsection.2.3.3}{Integer Arithmatic}{subsection.2.3}% 12
\BOOKMARK [3][-]{subsubsection.2.3.4}{Sequence Arithmatic}{subsection.2.3}% 13
\BOOKMARK [1][-]{section.3}{Third Party Libraries}{}% 14
\BOOKMARK [2][-]{subsubsection.3.0.5}{Inbuilt libraries}{section.3}% 15
\BOOKMARK [3][-]{subsubsection.3.0.6}{Important third party libraries}{subsubsection.3.0.5}% 16
\BOOKMARK [1][-]{section.4}{Sequences \(Array Structures\) in Python}{}% 17
\BOOKMARK [2][-]{subsection.4.1}{Other Data Structures}{section.4}% 18
\BOOKMARK [3][-]{subsubsection.4.1.1}{Set Arithmatic}{subsection.4.1}% 19
\BOOKMARK [1][-]{section.5}{Numpy}{}% 20
\BOOKMARK [1][-]{section.6}{Basic Plotting with Pyplot}{}% 21
\BOOKMARK [2][-]{subsubsection.6.0.2}{Example Linestyles}{section.6}% 22
\BOOKMARK [1][-]{section.7}{Scipy}{}% 23
\BOOKMARK [1][-]{section.8}{Classes}{}% 24
\BOOKMARK [1][-]{section.9}{Try,Except and Exceptions}{}% 25
\BOOKMARK [2][-]{subsection.9.1}{Raising Exceptions}{section.9}% 26
\BOOKMARK [2][-]{subsection.9.2}{Using Try,Except}{section.9}% 27
\BOOKMARK [1][-]{appendix.A}{Basic Language Referance}{}% 28
\BOOKMARK [2][-]{subsubsection.A.0.1}{Comments}{appendix.A}% 29
\BOOKMARK [2][-]{subsection.A.1}{Print Statement}{appendix.A}% 30
\BOOKMARK [3][-]{subsubsection.A.1.1}{If statement}{subsection.A.1}% 31
\BOOKMARK [3][-]{subsubsection.A.1.2}{Loops}{subsection.A.1}% 32
\BOOKMARK [3][-]{subsubsection.A.1.3}{Functions}{subsection.A.1}% 33
\BOOKMARK [3][-]{subsubsection.A.1.4}{Import statement}{subsection.A.1}% 34
\BOOKMARK [3][-]{subsubsection.A.1.5}{Basic Data Types}{subsection.A.1}% 35
\BOOKMARK [3][-]{subsubsection.A.1.6}{File I/O}{subsection.A.1}% 36
